INFO [2019-10-25 23:10:42] [[1]]
INFO [2019-10-25 23:10:42] venn_list
INFO [2019-10-25 23:10:42] 
INFO [2019-10-25 23:10:42] $filename
INFO [2019-10-25 23:10:42] [1] "venn_three_sets_plot.png"
INFO [2019-10-25 23:10:42] 
INFO [2019-10-25 23:10:42] $imagetype
INFO [2019-10-25 23:10:42] [1] "png"
INFO [2019-10-25 23:10:42] 
INFO [2019-10-25 23:10:42] $margin
INFO [2019-10-25 23:10:42] [1] 0.1
INFO [2019-10-25 23:10:42] 
INFO [2019-10-25 23:10:42] $fill
INFO [2019-10-25 23:10:42] c("red", "blue", "green")
INFO [2019-10-25 23:10:42] 
INFO [2019-10-25 23:10:42] $alpha
INFO [2019-10-25 23:10:42] [1] 0.5
INFO [2019-10-25 23:10:42] 
INFO [2019-10-25 23:10:42] $col
INFO [2019-10-25 23:10:42] [1] "black"
INFO [2019-10-25 23:10:42] 
INFO [2019-10-25 23:10:42] $cex
INFO [2019-10-25 23:10:42] [1] 1
INFO [2019-10-25 23:10:42] 
INFO [2019-10-25 23:10:42] $fontfamily
INFO [2019-10-25 23:10:42] [1] "serif"
INFO [2019-10-25 23:10:42] 
INFO [2019-10-25 23:10:42] $label.col
INFO [2019-10-25 23:10:42] c("darkred", "white", "darkblue", "white", "white", "white", 
INFO [2019-10-25 23:10:42]     "darkgreen")
INFO [2019-10-25 23:10:42] 
INFO [2019-10-25 23:10:42] $cat.cex
INFO [2019-10-25 23:10:42] [1] 1
INFO [2019-10-25 23:10:42] 
INFO [2019-10-25 23:10:42] $cat.fontfamily
INFO [2019-10-25 23:10:42] [1] "serif"
INFO [2019-10-25 23:10:42] 
INFO [2019-10-25 23:10:42] $cat.default.pos
INFO [2019-10-25 23:10:42] [1] "text"
INFO [2019-10-25 23:10:42] 
INFO [2019-10-25 23:10:42] $cat.pos
INFO [2019-10-25 23:10:42] [1] 0
INFO [2019-10-25 23:10:42] 
